nohup: ignoring input
INFO 2018-03-22 13:36:02,624 src.utils            Running RNASeqPipeline 0.2.2
INFO 2018-03-22 13:36:02,624 src.utils            Command-line /home/yixf/miniconda2/envs/RNACocktail/bin/run_rnacocktail.py align --align_idx 00_genome/hisat2_hg38/hg38 --outdir 03_denovo_out --workdir 03_denovo_work --1 02_fastq/human/HB01_1.fastq --2 02_fastq/human/HB01_2.fastq --threads 30 --sample HB01
INFO 2018-03-22 13:36:02,624 src.utils            Arguments are Namespace(1='02_fastq/human/HB01_1.fastq', 2='02_fastq/human/HB01_2.fastq', U='', align_idx='00_genome/hisat2_hg38/hg38', hisat2='hisat2', hisat2_opts='', hisat2_sps='hisat2_extract_splice_sites.py', mode='align', outdir='03_denovo_out', ref_gtf='', sample='HB01', samtools='samtools', sr_aligner='HISAT2', sra='', start=0, threads=30, timeout=10000000, workdir='03_denovo_work')
INFO 2018-03-22 13:36:02,624 src.utils            Run log will be saved in 03_denovo_work/logs/run-align-20180322-133602.log
INFO 2018-03-22 13:36:02,624 src.utils            Run in mode: align
INFO 2018-03-22 13:36:02,624 src.utils            Assigned sample ID: HB01
INFO 2018-03-22 13:36:02,625 src.utils            Running align step using HISAT2
INFO 2018-03-22 13:36:02,625 src.run_sr_align     Running alignment (HISAT2) for HB01
INFO 2018-03-22 13:36:02,625 src.utils            Creating directory 03_denovo_work/hisat2/HB01
INFO 2018-03-22 13:36:02,625 src.run_sr_align     --------------------------STEP 0--------------------------
INFO 2018-03-22 13:36:02,625 src.run_sr_align     Task: Erase HISAT2 work directory for HB01 
INFO 2018-03-22 13:36:02,625 src.run_sr_align     Running "bash -c rm -rf 03_denovo_work/hisat2/HB01/*" 
INFO 2018-03-22 13:36:02,630 src.run_sr_align     Done Erase HISAT2 work directory for HB01 
INFO 2018-03-22 13:36:02,630 src.run_sr_align     Returned code 0 (0.00252891 seconds)
INFO 2018-03-22 13:36:02,630 src.run_sr_align     --------------------------STEP 1--------------------------
INFO 2018-03-22 13:36:02,631 src.run_sr_align     --------------------------STEP 2--------------------------
INFO 2018-03-22 13:36:02,631 src.run_sr_align     Task: HISAT2 for HB01 
INFO 2018-03-22 13:36:02,631 src.run_sr_align     Running "bash -c hisat2  --dta --rg-id hisat2 --rg SM:HB01 --threads 30  -x 00_genome/hisat2_hg38/hg38 -1 02_fastq/human/HB01_1.fastq -2 02_fastq/human/HB01_2.fastq -S 03_denovo_work/hisat2/HB01/alignments.sam --novel-splicesite-outfile 03_denovo_work/hisat2/HB01/splicesites.tab" 
INFO 2018-03-22 13:38:01,110 src.run_sr_align     Done HISAT2 for HB01 
INFO 2018-03-22 13:38:01,110 src.run_sr_align     Returned code 0 (118.477 seconds)
INFO 2018-03-22 13:38:01,110 src.run_sr_align     --------------------------STEP 3--------------------------
INFO 2018-03-22 13:38:01,111 src.run_sr_align     Task: converting SAM to BAM for HB01 
INFO 2018-03-22 13:38:01,111 src.run_sr_align     Running "bash -c samtools view -Su 03_denovo_work/hisat2/HB01/alignments.sam -@ 30 -o 03_denovo_work/hisat2/HB01/alignments.bam" 
INFO 2018-03-22 13:38:37,873 src.run_sr_align     Done converting SAM to BAM for HB01 
INFO 2018-03-22 13:38:37,874 src.run_sr_align     Returned code 0 (36.7584 seconds)
INFO 2018-03-22 13:38:37,874 src.run_sr_align     --------------------------STEP 4--------------------------
INFO 2018-03-22 13:38:37,875 src.run_sr_align     Task: sorting BAM for HB01 
INFO 2018-03-22 13:38:37,875 src.run_sr_align     Running "bash -c samtools sort  -@ 30 -T 03_denovo_work/hisat2/HB01/alignments.sorted -o 03_denovo_work/hisat2/HB01/alignments.sorted.bam 03_denovo_work/hisat2/HB01/alignments.bam  " 
INFO 2018-03-22 13:39:16,499 src.run_sr_align     Done sorting BAM for HB01 
INFO 2018-03-22 13:39:16,500 src.run_sr_align     Returned code 0 (38.62 seconds)
INFO 2018-03-22 13:39:16,500 src.run_sr_align     --------------------------STEP 5--------------------------
INFO 2018-03-22 13:39:16,500 src.run_sr_align     Task: Converting junctions to BED for HB01 
INFO 2018-03-22 13:39:16,500 src.run_sr_align     Running "bash -c hisat2_jun2bed.py 03_denovo_work/hisat2/HB01/splicesites.tab 03_denovo_work/hisat2/HB01/splicesites.bed " 
INFO 2018-03-22 13:39:17,932 src.run_sr_align     Done Converting junctions to BED for HB01 
INFO 2018-03-22 13:39:17,933 src.run_sr_align     Returned code 0 (1.42904 seconds)
INFO 2018-03-22 13:39:17,933 src.run_sr_align     --------------------------STEP 6--------------------------
INFO 2018-03-22 13:39:17,934 src.run_sr_align     Task: Clean temp alignment files for HB01 
INFO 2018-03-22 13:39:17,934 src.run_sr_align     Running "bash -c rm 03_denovo_work/hisat2/HB01/alignments.sam 03_denovo_work/hisat2/HB01/alignments.bam" 
INFO 2018-03-22 13:39:20,835 src.run_sr_align     Done Clean temp alignment files for HB01 
INFO 2018-03-22 13:39:20,835 src.run_sr_align     Returned code 0 (2.89814 seconds)
INFO 2018-03-22 13:39:20,836 src.utils            Creating directory 03_denovo_out/hisat2/HB01
INFO 2018-03-22 13:39:20,836 src.run_sr_align     --------------------------STEP 7--------------------------
INFO 2018-03-22 13:39:20,836 src.run_sr_align     Task: Copy predictions to output directory for HB01. 
INFO 2018-03-22 13:39:20,836 src.run_sr_align     Running "cp 03_denovo_work/hisat2/HB01/alignments.sorted.bam 03_denovo_out/hisat2/HB01/alignments.sorted.bam" 
INFO 2018-03-22 13:39:22,108 src.run_sr_align     Done Copy predictions to output directory for HB01. 
INFO 2018-03-22 13:39:22,109 src.run_sr_align     Returned code 0 (1.26895 seconds)
INFO 2018-03-22 13:39:22,109 src.run_sr_align     Task: Copy predictions to output directory for HB01. 
INFO 2018-03-22 13:39:22,109 src.run_sr_align     Running "cp 03_denovo_work/hisat2/HB01/splicesites.tab 03_denovo_out/hisat2/HB01/splicesites.tab" 
INFO 2018-03-22 13:39:22,119 src.run_sr_align     Done Copy predictions to output directory for HB01. 
INFO 2018-03-22 13:39:22,120 src.run_sr_align     Returned code 0 (0.00645113 seconds)
INFO 2018-03-22 13:39:22,120 src.run_sr_align     Task: Copy predictions to output directory for HB01. 
INFO 2018-03-22 13:39:22,120 src.run_sr_align     Running "cp 03_denovo_work/hisat2/HB01/splicesites.bed 03_denovo_out/hisat2/HB01/splicesites.bed" 
INFO 2018-03-22 13:39:22,138 src.run_sr_align     Done Copy predictions to output directory for HB01. 
INFO 2018-03-22 13:39:22,139 src.run_sr_align     Returned code 0 (0.0158751 seconds)
INFO 2018-03-22 13:39:22,139 src.run_sr_align     HISAT2 was successfull!
INFO 2018-03-22 13:39:22,139 src.run_sr_align     Output alignment: 03_denovo_out/hisat2/HB01/alignments.sorted.bam
INFO 2018-03-22 13:39:22,140 src.run_sr_align     Output junction tab: 03_denovo_out/hisat2/HB01/splicesites.tab
INFO 2018-03-22 13:39:22,140 src.run_sr_align     Output junction bed: 03_denovo_out/hisat2/HB01/splicesites.bed
INFO 2018-03-22 13:39:22,140 src.utils            Run log is saved in 03_denovo_work/logs/run-align-20180322-133602.log
INFO 2018-03-22 13:39:22,140 src.utils            All Done!
INFO 2018-03-22 13:39:22,500 src.utils            Running RNASeqPipeline 0.2.2
INFO 2018-03-22 13:39:22,500 src.utils            Command-line /home/yixf/miniconda2/envs/RNACocktail/bin/run_rnacocktail.py reconstruct --alignment_bam 03_denovo_out/hisat2/HB01/alignments.sorted.bam --outdir 03_denovo_out --workdir 03_denovo_work --threads 30 --sample HB01
INFO 2018-03-22 13:39:22,500 src.utils            Arguments are Namespace(alignment_bam='03_denovo_out/hisat2/HB01/alignments.sorted.bam', mode='reconstruct', outdir='03_denovo_out', reconstructor='StringTie', ref_gtf='', sample='HB01', start=0, stringtie='stringtie', stringtie_opts='', threads=30, timeout=10000000, workdir='03_denovo_work')
INFO 2018-03-22 13:39:22,500 src.utils            Run log will be saved in 03_denovo_work/logs/run-reconstruct-20180322-133922.log
INFO 2018-03-22 13:39:22,501 src.utils            Run in mode: reconstruct
INFO 2018-03-22 13:39:22,501 src.utils            Assigned sample ID: HB01
INFO 2018-03-22 13:39:22,501 src.utils            Running reconstruct step using StringTie
INFO 2018-03-22 13:39:22,501 src.run_reconstruct  Running transcriptome reconstruction (StringTie) for HB01
INFO 2018-03-22 13:39:22,501 src.utils            Creating directory 03_denovo_work/stringtie/HB01/
INFO 2018-03-22 13:39:22,501 src.run_reconstruct  --------------------------STEP 0--------------------------
INFO 2018-03-22 13:39:22,501 src.run_reconstruct  Task: Erase StringTie work directory for HB01 
INFO 2018-03-22 13:39:22,501 src.run_reconstruct  Running "bash -c rm -rf 03_denovo_work/stringtie/HB01//*" 
INFO 2018-03-22 13:39:22,506 src.run_reconstruct  Done Erase StringTie work directory for HB01 
INFO 2018-03-22 13:39:22,506 src.run_reconstruct  Returned code 0 (0.00282121 seconds)
INFO 2018-03-22 13:39:22,506 src.run_reconstruct  --------------------------STEP 1--------------------------
INFO 2018-03-22 13:39:22,507 src.run_reconstruct  Task: StringTie for HB01 
INFO 2018-03-22 13:39:22,507 src.run_reconstruct  Running "bash -c stringtie 03_denovo_out/hisat2/HB01/alignments.sorted.bam  -p 30 -o 03_denovo_work/stringtie/HB01//transcripts.gtf -A 03_denovo_work/stringtie/HB01//gene_abund.tab -v" 
