Mar 22 10:17:38 ..... started STAR run
Mar 22 10:17:38 ... starting to generate Genome files
Mar 22 10:19:21 ... starting to sort Suffix Array. This may take a long time...
Mar 22 10:19:45 ... sorting Suffix Array chunks and saving them to disk...
Mar 22 10:44:39 ... loading chunks from disk, packing SA...
Mar 22 10:46:35 ... finished generating suffix array
Mar 22 10:46:35 ... generating Suffix Array index
Mar 22 10:53:40 ... completed Suffix Array index
Mar 22 10:53:40 ... writing Genome to disk ...
Mar 22 10:53:43 ... writing Suffix Array to disk ...
Mar 22 10:54:16 ... writing SAindex to disk
Mar 22 10:54:21 ..... finished successfully
Mar 22 10:54:23 ..... started STAR run
Mar 22 10:54:23 ... starting to generate Genome files
Mar 22 10:56:27 ... starting to sort Suffix Array. This may take a long time...
Mar 22 10:56:48 ... sorting Suffix Array chunks and saving them to disk...
Mar 22 11:09:17 ... loading chunks from disk, packing SA...
Mar 22 11:11:08 ... finished generating suffix array
Mar 22 11:11:08 ... generating Suffix Array index
Mar 22 11:16:58 ... completed Suffix Array index
Mar 22 11:16:58 ... writing Genome to disk ...
Mar 22 11:17:00 ... writing Suffix Array to disk ...
Mar 22 11:17:33 ... writing SAindex to disk
Mar 22 11:17:37 ..... finished successfully
