nohup: ignoring input
---------- Runing parameters ----------
Working directory:	01_reads
Input file:	01_reads/GSM2SRR.txt
Input folder:	01_reads/fastq
Output folder:	01_reads/fastq_merged
---------------------------------------


Processing GSM1156877 ...
Processing GSM1156877 ... Done!

Processing GSM1156878 ...
Processing GSM1156878 ... Done!

Processing GSM1156879 ...
Processing GSM1156879 ... Done!

Processing GSM1156880 ...
Processing GSM1156880 ... Done!

Processing GSM1156881 ...
Processing GSM1156881 ... Done!

Processing GSM1156882 ...
Processing GSM1156882 ... Done!

Processing GSM1156883 ...
Processing GSM1156883 ... Done!

Processing GSM1156884 ...
Processing GSM1156884 ... Done!

Processing GSM1156885 ...
Processing GSM1156885 ... Done!

Processing GSM1156886 ...
Processing GSM1156886 ... Done!

Processing GSM1156887 ...
Processing GSM1156887 ... Done!

Processing GSM1156888 ...
Processing GSM1156888 ... Done!

Processing GSM1156889 ...
Processing GSM1156889 ... Done!

Processing GSM1156890 ...
Processing GSM1156890 ... Done!

Processing GSM1156891 ...
Processing GSM1156891 ... Done!

Processing GSM1156892 ...
Processing GSM1156892 ... Done!

Processing GSM1156893 ...
Processing GSM1156893 ... Done!

Processing GSM1156894 ...
Processing GSM1156894 ... Done!

Processing GSM1156895 ...
Processing GSM1156895 ... Done!

Processing GSM1156896 ...
Processing GSM1156896 ... Done!

Processing GSM1156897 ...
Processing GSM1156897 ... Done!

Processing GSM1156898 ...
Processing GSM1156898 ... Done!

Processing GSM1156899 ...
Processing GSM1156899 ... Done!

Processing GSM1156900 ...
Processing GSM1156900 ... Done!

Processing GSM1156901 ...
Processing GSM1156901 ... Done!

Processing GSM1156902 ...
Processing GSM1156902 ... Done!

Processing GSM1156903 ...
Processing GSM1156903 ... Done!

Processing GSM1156904 ...
Processing GSM1156904 ... Done!

Processing GSM1156905 ...
Processing GSM1156905 ... Done!

Processing GSM1156906 ...
Processing GSM1156906 ... Done!

Processing GSM1156907 ...
Processing GSM1156907 ... Done!

Processing GSM1156908 ...
Processing GSM1156908 ... Done!

Processing GSM1156909 ...
Processing GSM1156909 ... Done!

Processing GSM1156910 ...
Processing GSM1156910 ... Done!

Processing GSM1156911 ...
Processing GSM1156911 ... Done!

Processing GSM1156912 ...
Processing GSM1156912 ... Done!

Processing GSM1156913 ...
Processing GSM1156913 ... Done!

Processing GSM1156914 ...
Processing GSM1156914 ... Done!

Processing GSM1156915 ...
Processing GSM1156915 ... Done!

Processing GSM1156916 ...
Processing GSM1156916 ... Done!

Processing GSM1156917 ...
Processing GSM1156917 ... Done!

Processing GSM1156918 ...
Processing GSM1156918 ... Done!

Processing GSM1156919 ...
Processing GSM1156919 ... Done!

Processing GSM1156920 ...
Processing GSM1156920 ... Done!

Processing GSM1156921 ...
Processing GSM1156921 ... Done!

Processing GSM1156922 ...
Processing GSM1156922 ... Done!

Processing GSM1156923 ...
Processing GSM1156923 ... Done!

Processing GSM1156924 ...
Processing GSM1156924 ... Done!

Processing GSM1156925 ...
Processing GSM1156925 ... Done!

Processing GSM1156926 ...
Processing GSM1156926 ... Done!

Processing GSM1156927 ...
Processing GSM1156927 ... Done!

Processing GSM1156928 ...
Processing GSM1156928 ... Done!

Processing GSM1156929 ...
Processing GSM1156929 ... Done!

Processing GSM1156930 ...
Processing GSM1156930 ... Done!

Processing GSM1156931 ...
Processing GSM1156931 ... Done!

Processing GSM1156932 ...
Processing GSM1156932 ... Done!

Processing GSM1156933 ...
Processing GSM1156933 ... Done!

Processing GSM1156934 ...
Processing GSM1156934 ... Done!

Processing GSM1156935 ...
Processing GSM1156935 ... Done!

Processing GSM1156936 ...
Processing GSM1156936 ... Done!

Processing GSM1156937 ...
Processing GSM1156937 ... Done!

Processing GSM1156938 ...
Processing GSM1156938 ... Done!

Processing GSM1156939 ...
Processing GSM1156939 ... Done!

Processing GSM1156940 ...
Processing GSM1156940 ... Done!

Processing GSM1156941 ...
Processing GSM1156941 ... Done!

Processing GSM1156942 ...
Processing GSM1156942 ... Done!

Processing GSM1156943 ...
Processing GSM1156943 ... Done!

Processing GSM1156944 ...
Processing GSM1156944 ... Done!

Processing GSM1156945 ...
Processing GSM1156945 ... Done!

Processing GSM1156946 ...
Processing GSM1156946 ... Done!

Processing GSM1156947 ...
Processing GSM1156947 ... Done!

Processing GSM1156948 ...
Processing GSM1156948 ... Done!

Processing GSM1156949 ...
Processing GSM1156949 ... Done!

Processing GSM1156950 ...
Processing GSM1156950 ... Done!

Processing GSM1156951 ...
Processing GSM1156951 ... Done!

Processing GSM1156952 ...
Processing GSM1156952 ... Done!

Processing GSM1156953 ...
Processing GSM1156953 ... Done!

Processing GSM1156954 ...
Processing GSM1156954 ... Done!

Processing GSM1156955 ...
Processing GSM1156955 ... Done!

Processing GSM1156956 ...
Processing GSM1156956 ... Done!

Processing GSM1328501 ...
	Processing SRR1169959 [1/2] ...
	Processing SRR1169959 [1/2] ... Done!
	Processing SRR1169960 [2/2] ...
	Processing SRR1169960 [2/2] ... Done!
Processing GSM1328501 ... Done!

Processing GSM1328502 ...
	Processing SRR1169961 [1/2] ...
	Processing SRR1169961 [1/2] ... Done!
	Processing SRR1169962 [2/2] ...
	Processing SRR1169962 [2/2] ... Done!
Processing GSM1328502 ... Done!

Processing GSM1328503 ...
	Processing SRR1169963 [1/2] ...
	Processing SRR1169963 [1/2] ... Done!
	Processing SRR1169964 [2/2] ...
	Processing SRR1169964 [2/2] ... Done!
Processing GSM1328503 ... Done!

Processing GSM1328504 ...
	Processing SRR1169965 [1/2] ...
	Processing SRR1169965 [1/2] ... Done!
	Processing SRR1169966 [2/2] ...
	Processing SRR1169966 [2/2] ... Done!
Processing GSM1328504 ... Done!

Processing GSM1328505 ...
	Processing SRR1169967 [1/2] ...
	Processing SRR1169967 [1/2] ... Done!
	Processing SRR1169968 [2/2] ...
	Processing SRR1169968 [2/2] ... Done!
Processing GSM1328505 ... Done!

Processing GSM1328506 ...
	Processing SRR1169969 [1/2] ...
	Processing SRR1169969 [1/2] ... Done!
	Processing SRR1169970 [2/2] ...
	Processing SRR1169970 [2/2] ... Done!
Processing GSM1328506 ... Done!

Processing GSM1328507 ...
	Processing SRR1169971 [1/2] ...
	Processing SRR1169971 [1/2] ... Done!
	Processing SRR1169972 [2/2] ...
	Processing SRR1169972 [2/2] ... Done!
Processing GSM1328507 ... Done!

Processing GSM1328508 ...
	Processing SRR1169973 [1/2] ...
	Processing SRR1169973 [1/2] ... Done!
	Processing SRR1169974 [2/2] ...
	Processing SRR1169974 [2/2] ... Done!
Processing GSM1328508 ... Done!

Processing GSM1328509 ...
	Processing SRR1169975 [1/2] ...
	Processing SRR1169975 [1/2] ... Done!
	Processing SRR1169976 [2/2] ...
	Processing SRR1169976 [2/2] ... Done!
Processing GSM1328509 ... Done!

Processing GSM1328510 ...
	Processing SRR1169977 [1/2] ...
	Processing SRR1169977 [1/2] ... Done!
	Processing SRR1169978 [2/2] ...
	Processing SRR1169978 [2/2] ... Done!
Processing GSM1328510 ... Done!

Processing GSM1328511 ...
	Processing SRR1169979 [1/2] ...
	Processing SRR1169979 [1/2] ... Done!
	Processing SRR1169980 [2/2] ...
	Processing SRR1169980 [2/2] ... Done!
Processing GSM1328511 ... Done!

Processing GSM1328512 ...
	Processing SRR1169981 [1/2] ...
	Processing SRR1169981 [1/2] ... Done!
	Processing SRR1169982 [2/2] ...
	Processing SRR1169982 [2/2] ... Done!
Processing GSM1328512 ... Done!

Processing GSM1328513 ...
	Processing SRR1169983 [1/3] ...
	Processing SRR1169983 [1/3] ... Done!
	Processing SRR1169984 [2/3] ...
	Processing SRR1169984 [2/3] ... Done!
	Processing SRR1169985 [3/3] ...
	Processing SRR1169985 [3/3] ... Done!
Processing GSM1328513 ... Done!

Processing GSM1328514 ...
	Processing SRR1169986 [1/2] ...
	Processing SRR1169986 [1/2] ... Done!
	Processing SRR1169987 [2/2] ...
	Processing SRR1169987 [2/2] ... Done!
Processing GSM1328514 ... Done!

Processing GSM1328515 ...
	Processing SRR1169988 [1/2] ...
	Processing SRR1169988 [1/2] ... Done!
	Processing SRR1169989 [2/2] ...
	Processing SRR1169989 [2/2] ... Done!
Processing GSM1328515 ... Done!

Processing GSM1328516 ...
	Processing SRR1169990 [1/2] ...
	Processing SRR1169990 [1/2] ... Done!
	Processing SRR1169991 [2/2] ...
	Processing SRR1169991 [2/2] ... Done!
Processing GSM1328516 ... Done!

Processing GSM1328517 ...
	Processing SRR1169992 [1/2] ...
	Processing SRR1169992 [1/2] ... Done!
	Processing SRR1169993 [2/2] ...
	Processing SRR1169993 [2/2] ... Done!
Processing GSM1328517 ... Done!

Processing GSM1328518 ...
	Processing SRR1169994 [1/3] ...
	Processing SRR1169994 [1/3] ... Done!
	Processing SRR1169995 [2/3] ...
	Processing SRR1169995 [2/3] ... Done!
	Processing SRR1169996 [3/3] ...
	Processing SRR1169996 [3/3] ... Done!
Processing GSM1328518 ... Done!

Processing GSM1328519 ...
	Processing SRR1169997 [1/2] ...
	Processing SRR1169997 [1/2] ... Done!
	Processing SRR1169998 [2/2] ...
	Processing SRR1169998 [2/2] ... Done!
Processing GSM1328519 ... Done!

Processing GSM1328520 ...
	Processing SRR1169999 [1/2] ...
	Processing SRR1169999 [1/2] ... Done!
	Processing SRR1170000 [2/2] ...
	Processing SRR1170000 [2/2] ... Done!
Processing GSM1328520 ... Done!

Processing GSM1328521 ...
	Processing SRR1170001 [1/2] ...
	Processing SRR1170001 [1/2] ... Done!
	Processing SRR1170002 [2/2] ...
	Processing SRR1170002 [2/2] ... Done!
Processing GSM1328521 ... Done!

Processing GSM1328522 ...
	Processing SRR1170003 [1/2] ...
	Processing SRR1170003 [1/2] ... Done!
	Processing SRR1170004 [2/2] ...
	Processing SRR1170004 [2/2] ... Done!
Processing GSM1328522 ... Done!

Processing GSM1328523 ...
	Processing SRR1170005 [1/2] ...
	Processing SRR1170005 [1/2] ... Done!
	Processing SRR1170006 [2/2] ...
	Processing SRR1170006 [2/2] ... Done!
Processing GSM1328523 ... Done!

Processing GSM1328524 ...
	Processing SRR1170007 [1/2] ...
	Processing SRR1170007 [1/2] ... Done!
	Processing SRR1170008 [2/2] ...
	Processing SRR1170008 [2/2] ... Done!
Processing GSM1328524 ... Done!

Processing GSM1328525 ...
	Processing SRR1170009 [1/2] ...
	Processing SRR1170009 [1/2] ... Done!
	Processing SRR1170010 [2/2] ...
	Processing SRR1170010 [2/2] ... Done!
Processing GSM1328525 ... Done!

Processing GSM1328526 ...
	Processing SRR1170011 [1/2] ...
	Processing SRR1170011 [1/2] ... Done!
	Processing SRR1170012 [2/2] ...
	Processing SRR1170012 [2/2] ... Done!
Processing GSM1328526 ... Done!

Processing GSM1328527 ...
	Processing SRR1170013 [1/2] ...
	Processing SRR1170013 [1/2] ... Done!
	Processing SRR1170014 [2/2] ...
	Processing SRR1170014 [2/2] ... Done!
Processing GSM1328527 ... Done!

Processing GSM1328528 ...
	Processing SRR1170015 [1/2] ...
	Processing SRR1170015 [1/2] ... Done!
	Processing SRR1170016 [2/2] ...
	Processing SRR1170016 [2/2] ... Done!
Processing GSM1328528 ... Done!

Processing GSM1328529 ...
	Processing SRR1170017 [1/2] ...
	Processing SRR1170017 [1/2] ... Done!
	Processing SRR1170018 [2/2] ...
	Processing SRR1170018 [2/2] ... Done!
Processing GSM1328529 ... Done!

Processing GSM1328530 ...
	Processing SRR1170019 [1/2] ...
	Processing SRR1170019 [1/2] ... Done!
	Processing SRR1170020 [2/2] ...
	Processing SRR1170020 [2/2] ... Done!
Processing GSM1328530 ... Done!

Processing GSM1328531 ...
	Processing SRR1170021 [1/2] ...
	Processing SRR1170021 [1/2] ... Done!
	Processing SRR1170022 [2/2] ...
	Processing SRR1170022 [2/2] ... Done!
Processing GSM1328531 ... Done!

Processing GSM1328532 ...
	Processing SRR1170023 [1/2] ...
	Processing SRR1170023 [1/2] ... Done!
	Processing SRR1170024 [2/2] ...
	Processing SRR1170024 [2/2] ... Done!
Processing GSM1328532 ... Done!

